<?xml version="1.0" encoding="UTF-8"?>
<!-- Generated by org.testng.reporters.JUnitReportReporter -->
<testsuite hostname="LAPTOP-SSSJME6K" failures="0" tests="10" name="TestPackage.ToDoTest" time="11.293" errors="0" timestamp="2025-02-13T13:40:40 SGT" skipped="0">
  <testcase classname="TestPackage.ToDoTest" name="testAddToDos" time="0.228"/>
  <system-out>
    <![CDATA[Adding task: Selenium]]>
  </system-out>
  <testcase classname="TestPackage.ToDoTest" name="testAddToDos" time="0.281"/>
  <system-out>
    <![CDATA[Adding task: Cypress]]>
  </system-out>
  <testcase classname="TestPackage.ToDoTest" name="testAddToDos" time="0.335"/>
  <system-out>
    <![CDATA[Adding task: Cucumber BDD]]>
  </system-out>
  <testcase classname="TestPackage.ToDoTest" name="testMarkTasksAsCompleted" time="0.366"/>
  <system-out>
    <![CDATA[Completing task: Selenium]]>
  </system-out>
  <testcase classname="TestPackage.ToDoTest" name="testDeleteTasks" time="5.705"/>
  <system-out>
    <![CDATA[Deleting task: Cucumber BDD]]>
  </system-out>
  <testcase classname="TestPackage.ToDoTest" name="testEditTask" time="2.763"/>
  <system-out>
    <![CDATA[Editing task: Cypress
Edit task now changed to: CypressAutomation]]>
  </system-out>
  <testcase classname="TestPackage.ToDoTest" name="testFilterToDos" time="0.454"/>
  <system-out>
    <![CDATA[Filter check -> Adding task: API Postman
Filter check -> Verifying 'All' tab contains task: API Postman
Filter check -> Verifying 'Active' tab contains task: API Postman]]>
  </system-out>
  <testcase classname="TestPackage.ToDoTest" name="testFilterToDos" time="0.339"/>
  <system-out>
    <![CDATA[Filter check -> Adding task: Jmeter
Filter check -> Verifying 'All' tab contains task: Jmeter
Filter check -> Verifying 'Active' tab contains task: Jmeter]]>
  </system-out>
  <testcase classname="TestPackage.ToDoTest" name="testFilterToDos" time="0.372"/>
  <system-out>
    <![CDATA[Filter check -> Adding task: Jenkins
Filter check -> Verifying 'All' tab contains task: Jenkins
Filter check -> Verifying 'Active' tab contains task: Jenkins]]>
  </system-out>
  <testcase classname="TestPackage.ToDoTest" name="testFilterMarkTasksAsCompleted" time="0.450"/>
  <system-out>
    <![CDATA[Filter check -> Mark To-Do as Completed: API Postman]]>
  </system-out>
</testsuite> <!-- TestPackage.ToDoTest -->
