<?xml version="1.0" encoding="UTF-8"?>
<!-- Generated by org.testng.reporters.JUnitReportReporter -->
<testsuite hostname="LAPTOP-SSSJME6K" failures="0" tests="2" name="TestPackage.ToDoTest" time="8.312" errors="0" timestamp="2025-02-12T14:11:11 SGT" skipped="0">
  <testcase classname="TestPackage.ToDoTest" name="testDeleteToDo" time="4.120"/>
  <testcase classname="TestPackage.ToDoTest" name="testAddToDo" time="4.192"/>
</testsuite> <!-- TestPackage.ToDoTest -->
